<?xml version="1.0" encoding="UTF-8"?>
<testng-results ignored="0" total="1" passed="1" failed="0" skipped="0">
  <reporter-output>
  </reporter-output>
  <suite started-at="2023-03-10T11:15:40 IST" name="Default suite" finished-at="2023-03-10T11:16:48 IST" duration-ms="68000">
    <groups>
    </groups>
    <test started-at="2023-03-10T11:15:40 IST" name="Default test" finished-at="2023-03-10T11:16:48 IST" duration-ms="68000">
      <class name="com.test.org.com.test.org.LaunchZomotoTest">
        <test-method is-config="true" signature="configuration()[pri:0, instance:com.test.org.com.test.org.LaunchZomotoTest@2b48a640]" started-at="2023-03-10T11:15:40 IST" name="configuration" finished-at="2023-03-10T11:15:40 IST" duration-ms="208" status="PASS">
          <reporter-output>
          </reporter-output>
        </test-method> <!-- configuration -->
        <test-method is-config="true" signature="server_manager()[pri:0, instance:com.test.org.com.test.org.LaunchZomotoTest@2b48a640]" started-at="2023-03-10T11:15:40 IST" name="server_manager" finished-at="2023-03-10T11:15:48 IST" duration-ms="8673" status="PASS">
          <reporter-output>
          </reporter-output>
        </test-method> <!-- server_manager -->
        <test-method signature="ZomotoOrderTest()[pri:0, instance:com.test.org.com.test.org.LaunchZomotoTest@2b48a640]" started-at="2023-03-10T11:15:48 IST" name="ZomotoOrderTest" finished-at="2023-03-10T11:16:48 IST" duration-ms="59057" status="PASS">
          <reporter-output>
          </reporter-output>
        </test-method> <!-- ZomotoOrderTest -->
        <test-method is-config="true" signature="generate_report()[pri:0, instance:com.test.org.com.test.org.LaunchZomotoTest@2b48a640]" started-at="2023-03-10T11:16:48 IST" name="generate_report" finished-at="2023-03-10T11:16:48 IST" duration-ms="244" status="PASS">
          <reporter-output>
          </reporter-output>
        </test-method> <!-- generate_report -->
        <test-method is-config="true" signature="tearDown()[pri:0, instance:com.test.org.com.test.org.LaunchZomotoTest@2b48a640]" started-at="2023-03-10T11:16:48 IST" name="tearDown" finished-at="2023-03-10T11:16:48 IST" duration-ms="371" status="PASS">
          <reporter-output>
          </reporter-output>
        </test-method> <!-- tearDown -->
      </class> <!-- com.test.org.com.test.org.LaunchZomotoTest -->
    </test> <!-- Default test -->
  </suite> <!-- Default suite -->
</testng-results>
